0 info it worked if it ends with ok
1 verbose cli [ 'C:\\Program Files\\nodejs\\\\node.exe',
1 verbose cli   'C:\\Program Files\\nodejs\\node_modules\\npm\\bin\\npm-cli.js',
1 verbose cli   'install',
1 verbose cli   '-g',
1 verbose cli   'generator-chrome-extension',
1 verbose cli   'generator-chrome-app' ]
2 info using npm@1.4.28
3 info using node@v0.10.33
4 verbose node symlink C:\Program Files\nodejs\\node.exe
5 verbose cache add [ 'generator-chrome-extension', null ]
6 verbose cache add name=undefined spec="generator-chrome-extension" args=["generator-chrome-extension",null]
7 verbose parsed url { protocol: null,
7 verbose parsed url   slashes: null,
7 verbose parsed url   auth: null,
7 verbose parsed url   host: null,
7 verbose parsed url   port: null,
7 verbose parsed url   hostname: null,
7 verbose parsed url   hash: null,
7 verbose parsed url   search: null,
7 verbose parsed url   query: null,
7 verbose parsed url   pathname: 'generator-chrome-extension',
7 verbose parsed url   path: 'generator-chrome-extension',
7 verbose parsed url   href: 'generator-chrome-extension' }
8 verbose cache add [ 'generator-chrome-app', null ]
9 verbose cache add name=undefined spec="generator-chrome-app" args=["generator-chrome-app",null]
10 verbose parsed url { protocol: null,
10 verbose parsed url   slashes: null,
10 verbose parsed url   auth: null,
10 verbose parsed url   host: null,
10 verbose parsed url   port: null,
10 verbose parsed url   hostname: null,
10 verbose parsed url   hash: null,
10 verbose parsed url   search: null,
10 verbose parsed url   query: null,
10 verbose parsed url   pathname: 'generator-chrome-app',
10 verbose parsed url   path: 'generator-chrome-app',
10 verbose parsed url   href: 'generator-chrome-app' }
11 silly lockFile fcfe2b79-generator-chrome-extension generator-chrome-extension
12 verbose lock generator-chrome-extension C:\Users\Brian Bolli\AppData\Roaming\npm-cache\fcfe2b79-generator-chrome-extension.lock
13 silly lockFile 2ce7eafc-generator-chrome-app generator-chrome-app
14 verbose lock generator-chrome-app C:\Users\Brian Bolli\AppData\Roaming\npm-cache\2ce7eafc-generator-chrome-app.lock
15 silly lockFile fcfe2b79-generator-chrome-extension generator-chrome-extension
16 silly lockFile fcfe2b79-generator-chrome-extension generator-chrome-extension
17 silly lockFile 2ce7eafc-generator-chrome-app generator-chrome-app
18 silly lockFile 2ce7eafc-generator-chrome-app generator-chrome-app
19 verbose addNamed [ 'generator-chrome-extension', '' ]
20 verbose addNamed [ null, '*' ]
21 silly lockFile 4f45b217-generator-chrome-extension generator-chrome-extension@
22 verbose lock generator-chrome-extension@ C:\Users\Brian Bolli\AppData\Roaming\npm-cache\4f45b217-generator-chrome-extension.lock
23 verbose addNamed [ 'generator-chrome-app', '' ]
24 verbose addNamed [ null, '*' ]
25 silly lockFile 3f488ea4-generator-chrome-app generator-chrome-app@
26 verbose lock generator-chrome-app@ C:\Users\Brian Bolli\AppData\Roaming\npm-cache\3f488ea4-generator-chrome-app.lock
27 silly addNameRange { name: 'generator-chrome-extension',
27 silly addNameRange   range: '*',
27 silly addNameRange   hasData: false }
28 verbose request where is /generator-chrome-extension
29 verbose request registry https://registry.npmjs.org/
30 verbose request id bef1d1c43e942505
31 verbose url raw /generator-chrome-extension
32 verbose url resolving [ 'https://registry.npmjs.org/',
32 verbose url resolving   './generator-chrome-extension' ]
33 verbose url resolved https://registry.npmjs.org/generator-chrome-extension
34 verbose request where is https://registry.npmjs.org/generator-chrome-extension
35 info trying registry request attempt 1 at 11:23:54
36 http GET https://registry.npmjs.org/generator-chrome-extension
37 silly addNameRange { name: 'generator-chrome-app', range: '*', hasData: false }
38 verbose request where is /generator-chrome-app
39 verbose request registry https://registry.npmjs.org/
40 verbose url raw /generator-chrome-app
41 verbose url resolving [ 'https://registry.npmjs.org/', './generator-chrome-app' ]
42 verbose url resolved https://registry.npmjs.org/generator-chrome-app
43 verbose request where is https://registry.npmjs.org/generator-chrome-app
44 info trying registry request attempt 1 at 11:23:54
45 http GET https://registry.npmjs.org/generator-chrome-app
46 http 404 https://registry.npmjs.org/generator-chrome-app
47 verbose headers { date: 'Wed, 07 Jan 2015 17:23:49 GMT',
47 verbose headers   server: 'CouchDB/1.5.0 (Erlang OTP/R16B03)',
47 verbose headers   'content-type': 'application/json',
47 verbose headers   'cache-control': 'max-age=0',
47 verbose headers   'content-length': '52',
47 verbose headers   'accept-ranges': 'bytes',
47 verbose headers   via: '1.1 varnish',
47 verbose headers   age: '0',
47 verbose headers   'x-served-by': 'cache-ord1729-ORD',
47 verbose headers   'x-cache': 'MISS',
47 verbose headers   'x-cache-hits': '0',
47 verbose headers   'x-timer': 'S1420651429.240652,VS0,VE135',
47 verbose headers   'keep-alive': 'timeout=10, max=50',
47 verbose headers   connection: 'Keep-Alive' }
48 silly registry.get cb [ 404,
48 silly registry.get   { date: 'Wed, 07 Jan 2015 17:23:49 GMT',
48 silly registry.get     server: 'CouchDB/1.5.0 (Erlang OTP/R16B03)',
48 silly registry.get     'content-type': 'application/json',
48 silly registry.get     'cache-control': 'max-age=0',
48 silly registry.get     'content-length': '52',
48 silly registry.get     'accept-ranges': 'bytes',
48 silly registry.get     via: '1.1 varnish',
48 silly registry.get     age: '0',
48 silly registry.get     'x-served-by': 'cache-ord1729-ORD',
48 silly registry.get     'x-cache': 'MISS',
48 silly registry.get     'x-cache-hits': '0',
48 silly registry.get     'x-timer': 'S1420651429.240652,VS0,VE135',
48 silly registry.get     'keep-alive': 'timeout=10, max=50',
48 silly registry.get     connection: 'Keep-Alive' } ]
49 silly lockFile 3f488ea4-generator-chrome-app generator-chrome-app@
50 silly lockFile 3f488ea4-generator-chrome-app generator-chrome-app@
51 http 200 https://registry.npmjs.org/generator-chrome-extension
52 silly registry.get cb [ 200,
52 silly registry.get   { date: 'Wed, 07 Jan 2015 17:23:49 GMT',
52 silly registry.get     server: 'CouchDB/1.5.0 (Erlang OTP/R16B03)',
52 silly registry.get     etag: '"ATTY90XN5QRQG8GGO9U111IBG"',
52 silly registry.get     'content-type': 'application/json',
52 silly registry.get     'cache-control': 'max-age=60',
52 silly registry.get     'content-length': '24594',
52 silly registry.get     'accept-ranges': 'bytes',
52 silly registry.get     via: '1.1 varnish',
52 silly registry.get     age: '0',
52 silly registry.get     'x-served-by': 'cache-jfk1028-JFK',
52 silly registry.get     'x-cache': 'MISS',
52 silly registry.get     'x-cache-hits': '0',
52 silly registry.get     'x-timer': 'S1420651429.463644,VS0,VE166',
52 silly registry.get     vary: 'Accept',
52 silly registry.get     'keep-alive': 'timeout=10, max=50',
52 silly registry.get     connection: 'Keep-Alive' } ]
53 silly addNameRange number 2 { name: 'generator-chrome-extension', range: '*', hasData: true }
54 silly addNameRange versions [ 'generator-chrome-extension',
54 silly addNameRange   [ '0.1.0',
54 silly addNameRange     '0.1.1',
54 silly addNameRange     '0.2.0',
54 silly addNameRange     '0.2.1',
54 silly addNameRange     '0.2.2',
54 silly addNameRange     '0.2.3',
54 silly addNameRange     '0.2.4',
54 silly addNameRange     '0.2.5',
54 silly addNameRange     '0.2.6',
54 silly addNameRange     '0.2.7',
54 silly addNameRange     '0.2.8',
54 silly addNameRange     '0.2.9',
54 silly addNameRange     '0.2.10',
54 silly addNameRange     '0.2.11' ] ]
55 verbose addNamed [ 'generator-chrome-extension', '0.2.11' ]
56 verbose addNamed [ '0.2.11', '0.2.11' ]
57 silly lockFile 6781fe3d-enerator-chrome-extension-0-2-11 generator-chrome-extension@0.2.11
58 verbose lock generator-chrome-extension@0.2.11 C:\Users\Brian Bolli\AppData\Roaming\npm-cache\6781fe3d-enerator-chrome-extension-0-2-11.lock
59 silly lockFile 9e2e669e-ator-chrome-extension-0-2-11-tgz https://registry.npmjs.org/generator-chrome-extension/-/generator-chrome-extension-0.2.11.tgz
60 verbose lock https://registry.npmjs.org/generator-chrome-extension/-/generator-chrome-extension-0.2.11.tgz C:\Users\Brian Bolli\AppData\Roaming\npm-cache\9e2e669e-ator-chrome-extension-0-2-11-tgz.lock
61 verbose addRemoteTarball [ 'https://registry.npmjs.org/generator-chrome-extension/-/generator-chrome-extension-0.2.11.tgz',
61 verbose addRemoteTarball   'ebd1868481f666604608d276180c39786f154831' ]
62 info retry fetch attempt 1 at 11:23:55
63 verbose fetch to= C:\Users\BRIANB~1\AppData\Local\Temp\npm-11452-iq7Ws6wZ\registry.npmjs.org\generator-chrome-extension\-\generator-chrome-extension-0.2.11.tgz
64 http GET https://registry.npmjs.org/generator-chrome-extension/-/generator-chrome-extension-0.2.11.tgz
65 http 200 https://registry.npmjs.org/generator-chrome-extension/-/generator-chrome-extension-0.2.11.tgz
66 silly lockFile 9e2e669e-ator-chrome-extension-0-2-11-tgz https://registry.npmjs.org/generator-chrome-extension/-/generator-chrome-extension-0.2.11.tgz
67 silly lockFile 9e2e669e-ator-chrome-extension-0-2-11-tgz https://registry.npmjs.org/generator-chrome-extension/-/generator-chrome-extension-0.2.11.tgz
68 silly lockFile 6781fe3d-enerator-chrome-extension-0-2-11 generator-chrome-extension@0.2.11
69 silly lockFile 6781fe3d-enerator-chrome-extension-0-2-11 generator-chrome-extension@0.2.11
70 silly lockFile 4f45b217-generator-chrome-extension generator-chrome-extension@
71 silly lockFile 4f45b217-generator-chrome-extension generator-chrome-extension@
72 error 404 404 Not Found: generator-chrome-app
72 error 404
72 error 404 'generator-chrome-app' is not in the npm registry.
72 error 404 You should bug the author to publish it
72 error 404
72 error 404 Note that you can also install from a
72 error 404 tarball, folder, or http url, or git url.
73 error System Windows_NT 6.1.7601
74 error command "C:\\Program Files\\nodejs\\\\node.exe" "C:\\Program Files\\nodejs\\node_modules\\npm\\bin\\npm-cli.js" "install" "-g" "generator-chrome-extension" "generator-chrome-app"
75 error cwd C:\Users\Brian Bolli\git\generator-joomla-developer
76 error node -v v0.10.33
77 error npm -v 1.4.28
78 error code E404
79 verbose exit [ 1, true ]
